app/build/intermediates/manifest_merge_blame_file/debug/manifest-merger-blame-debug-report.txt
1<?xml version="1.0" encoding="utf-8"?>
2<manifest xmlns:android="http://schemas.android.com/apk/res/android"
3    package="com.smartai.parentalcontrol"
4    android:versionCode="1"
5    android:versionName="1.0" >
6
7    <uses-sdk
8        android:minSdkVersion="26"
9        android:targetSdkVersion="34" />
10
11    <!-- Required Permissions -->
12    <uses-permission android:name="android.permission.INTERNET" />
12-->src\main\AndroidManifest.xml:6:5-67
12-->src\main\AndroidManifest.xml:6:22-64
13    <uses-permission android:name="android.permission.PACKAGE_USAGE_STATS" />
13-->src\main\AndroidManifest.xml:7:5-8:47
13-->src\main\AndroidManifest.xml:7:22-75
14    <uses-permission android:name="android.permission.FOREGROUND_SERVICE" />
14-->src\main\AndroidManifest.xml:9:5-77
14-->src\main\AndroidManifest.xml:9:22-74
15    <uses-permission android:name="android.permission.QUERY_ALL_PACKAGES" />
15-->src\main\AndroidManifest.xml:10:5-11:53
15-->src\main\AndroidManifest.xml:10:22-74
16    <uses-permission android:name="android.permission.SYSTEM_ALERT_WINDOW" />
16-->src\main\AndroidManifest.xml:12:5-78
16-->src\main\AndroidManifest.xml:12:22-75
17    <uses-permission android:name="android.permission.POST_NOTIFICATIONS" />
17-->src\main\AndroidManifest.xml:13:5-77
17-->src\main\AndroidManifest.xml:13:22-74
18    <uses-permission android:name="android.permission.ACCESS_NETWORK_STATE" />
18-->[com.google.firebase:firebase-auth:22.3.1] AndroidManifest.xml:26:5-79
18-->[com.google.firebase:firebase-auth:22.3.1] AndroidManifest.xml:26:22-76
19    <uses-permission android:name="com.google.android.providers.gsf.permission.READ_GSERVICES" />
19-->[com.google.android.recaptcha:recaptcha:18.4.0] AndroidManifest.xml:9:5-98
19-->[com.google.android.recaptcha:recaptcha:18.4.0] AndroidManifest.xml:9:22-95
20
21    <permission
21-->[androidx.core:core:1.9.0] AndroidManifest.xml:22:5-24:47
22        android:name="com.smartai.parentalcontrol.DYNAMIC_RECEIVER_NOT_EXPORTED_PERMISSION"
22-->[androidx.core:core:1.9.0] AndroidManifest.xml:23:9-81
23        android:protectionLevel="signature" />
23-->[androidx.core:core:1.9.0] AndroidManifest.xml:24:9-44
24
25    <uses-permission android:name="com.smartai.parentalcontrol.DYNAMIC_RECEIVER_NOT_EXPORTED_PERMISSION" />
25-->[androidx.core:core:1.9.0] AndroidManifest.xml:26:5-97
25-->[androidx.core:core:1.9.0] AndroidManifest.xml:26:22-94
26
27    <application
27-->src\main\AndroidManifest.xml:15:5-101:19
28        android:allowBackup="true"
28-->src\main\AndroidManifest.xml:16:9-35
29        android:appComponentFactory="androidx.core.app.CoreComponentFactory"
29-->[androidx.core:core:1.9.0] AndroidManifest.xml:28:18-86
30        android:debuggable="true"
31        android:extractNativeLibs="false"
32        android:icon="@android:drawable/sym_def_app_icon"
32-->src\main\AndroidManifest.xml:17:9-58
33        android:label="@string/app_name"
33-->src\main\AndroidManifest.xml:18:9-41
34        android:supportsRtl="true"
34-->src\main\AndroidManifest.xml:19:9-35
35        android:testOnly="true"
36        android:theme="@style/Theme.SmartAIParentalControlSystem" >
36-->src\main\AndroidManifest.xml:20:9-66
37
38        <!-- Main Activity -->
39        <activity
39-->src\main\AndroidManifest.xml:23:9-30:20
40            android:name="com.smartai.parentalcontrol.MainActivity"
40-->src\main\AndroidManifest.xml:24:13-41
41            android:exported="true" >
41-->src\main\AndroidManifest.xml:25:13-36
42            <intent-filter>
42-->src\main\AndroidManifest.xml:26:13-29:29
43                <action android:name="android.intent.action.MAIN" />
43-->src\main\AndroidManifest.xml:27:17-69
43-->src\main\AndroidManifest.xml:27:25-66
44
45                <category android:name="android.intent.category.LAUNCHER" />
45-->src\main\AndroidManifest.xml:28:17-77
45-->src\main\AndroidManifest.xml:28:27-74
46            </intent-filter>
47        </activity>
48
49        <!-- Authentication Activities -->
50        <activity
50-->src\main\AndroidManifest.xml:33:9-35:40
51            android:name="com.smartai.parentalcontrol.LoginActivity"
51-->src\main\AndroidManifest.xml:34:13-42
52            android:exported="false" />
52-->src\main\AndroidManifest.xml:35:13-37
53        <activity
53-->src\main\AndroidManifest.xml:36:9-38:40
54            android:name="com.smartai.parentalcontrol.RegisterActivity"
54-->src\main\AndroidManifest.xml:37:13-45
55            android:exported="false" />
55-->src\main\AndroidManifest.xml:38:13-37
56        <activity
56-->src\main\AndroidManifest.xml:39:9-41:40
57            android:name="com.smartai.parentalcontrol.RoleSelectionActivity"
57-->src\main\AndroidManifest.xml:40:13-50
58            android:exported="false" />
58-->src\main\AndroidManifest.xml:41:13-37
59
60        <!-- Dashboard Activities -->
61        <activity
61-->src\main\AndroidManifest.xml:44:9-46:40
62            android:name="com.smartai.parentalcontrol.ParentDashboardActivity"
62-->src\main\AndroidManifest.xml:45:13-52
63            android:exported="false" />
63-->src\main\AndroidManifest.xml:46:13-37
64        <activity
64-->src\main\AndroidManifest.xml:47:9-49:40
65            android:name="com.smartai.parentalcontrol.StudentDashboardActivity"
65-->src\main\AndroidManifest.xml:48:13-53
66            android:exported="false" />
66-->src\main\AndroidManifest.xml:49:13-37
67
68        <!-- Parent Activities -->
69        <activity
69-->src\main\AndroidManifest.xml:52:9-54:40
70            android:name="com.smartai.parentalcontrol.LimitManagementActivity"
70-->src\main\AndroidManifest.xml:53:13-52
71            android:exported="false" />
71-->src\main\AndroidManifest.xml:54:13-37
72        <activity
72-->src\main\AndroidManifest.xml:55:9-57:40
73            android:name="com.smartai.parentalcontrol.RequestsActivity"
73-->src\main\AndroidManifest.xml:56:13-45
74            android:exported="false" />
74-->src\main\AndroidManifest.xml:57:13-37
75
76        <!-- Student Activities -->
77        <activity
77-->src\main\AndroidManifest.xml:60:9-62:40
78            android:name="com.smartai.parentalcontrol.RequestTimeActivity"
78-->src\main\AndroidManifest.xml:61:13-48
79            android:exported="false" />
79-->src\main\AndroidManifest.xml:62:13-37
80
81        <!-- Blocking Activities -->
82        <activity
82-->src\main\AndroidManifest.xml:65:9-69:49
83            android:name="com.smartai.parentalcontrol.BlockOverlayActivity"
83-->src\main\AndroidManifest.xml:66:13-49
84            android:excludeFromRecents="true"
84-->src\main\AndroidManifest.xml:69:13-46
85            android:exported="false"
85-->src\main\AndroidManifest.xml:67:13-37
86            android:launchMode="singleTask" />
86-->src\main\AndroidManifest.xml:68:13-44
87        <activity
87-->src\main\AndroidManifest.xml:70:9-74:49
88            android:name="com.smartai.parentalcontrol.DeviceLockedActivity"
88-->src\main\AndroidManifest.xml:71:13-49
89            android:excludeFromRecents="true"
89-->src\main\AndroidManifest.xml:74:13-46
90            android:exported="false"
90-->src\main\AndroidManifest.xml:72:13-37
91            android:launchMode="singleTask" />
91-->src\main\AndroidManifest.xml:73:13-44
92
93        <!-- Settings Activity -->
94        <activity
94-->src\main\AndroidManifest.xml:77:9-79:40
95            android:name="com.smartai.parentalcontrol.SettingsActivity"
95-->src\main\AndroidManifest.xml:78:13-45
96            android:exported="false" />
96-->src\main\AndroidManifest.xml:79:13-37
97
98        <!-- Foreground Service -->
99        <service
99-->src\main\AndroidManifest.xml:82:9-86:56
100            android:name="com.smartai.parentalcontrol.UsageTrackingService"
100-->src\main\AndroidManifest.xml:83:13-49
101            android:enabled="true"
101-->src\main\AndroidManifest.xml:84:13-35
102            android:exported="false"
102-->src\main\AndroidManifest.xml:85:13-37
103            android:foregroundServiceType="dataSync" />
103-->src\main\AndroidManifest.xml:86:13-53
104
105        <!-- Broadcast Receiver for App Installation -->
106        <receiver
106-->src\main\AndroidManifest.xml:89:9-99:20
107            android:name="com.smartai.parentalcontrol.InstallReceiver"
107-->src\main\AndroidManifest.xml:90:13-44
108            android:enabled="true"
108-->src\main\AndroidManifest.xml:91:13-35
109            android:exported="true" >
109-->src\main\AndroidManifest.xml:92:13-36
110            <intent-filter>
110-->src\main\AndroidManifest.xml:93:13-98:29
111                <action android:name="android.intent.action.PACKAGE_ADDED" />
111-->src\main\AndroidManifest.xml:94:17-78
111-->src\main\AndroidManifest.xml:94:25-75
112                <action android:name="android.intent.action.PACKAGE_REMOVED" />
112-->src\main\AndroidManifest.xml:95:17-80
112-->src\main\AndroidManifest.xml:95:25-77
113                <action android:name="android.intent.action.PACKAGE_REPLACED" />
113-->src\main\AndroidManifest.xml:96:17-81
113-->src\main\AndroidManifest.xml:96:25-78
114
115                <data android:scheme="package" />
115-->src\main\AndroidManifest.xml:97:17-50
115-->src\main\AndroidManifest.xml:97:23-47
116            </intent-filter>
117        </receiver>
118
119        <activity
119-->[com.google.firebase:firebase-auth:22.3.1] AndroidManifest.xml:29:9-46:20
120            android:name="com.google.firebase.auth.internal.GenericIdpActivity"
120-->[com.google.firebase:firebase-auth:22.3.1] AndroidManifest.xml:30:13-80
121            android:excludeFromRecents="true"
121-->[com.google.firebase:firebase-auth:22.3.1] AndroidManifest.xml:31:13-46
122            android:exported="true"
122-->[com.google.firebase:firebase-auth:22.3.1] AndroidManifest.xml:32:13-36
123            android:launchMode="singleTask"
123-->[com.google.firebase:firebase-auth:22.3.1] AndroidManifest.xml:33:13-44
124            android:theme="@android:style/Theme.Translucent.NoTitleBar" >
124-->[com.google.firebase:firebase-auth:22.3.1] AndroidManifest.xml:34:13-72
125            <intent-filter>
125-->[com.google.firebase:firebase-auth:22.3.1] AndroidManifest.xml:35:13-45:29
126                <action android:name="android.intent.action.VIEW" />
126-->[com.google.firebase:firebase-auth:22.3.1] AndroidManifest.xml:36:17-69
126-->[com.google.firebase:firebase-auth:22.3.1] AndroidManifest.xml:36:25-66
127
128                <category android:name="android.intent.category.DEFAULT" />
128-->[com.google.firebase:firebase-auth:22.3.1] AndroidManifest.xml:38:17-76
128-->[com.google.firebase:firebase-auth:22.3.1] AndroidManifest.xml:38:27-73
129                <category android:name="android.intent.category.BROWSABLE" />
129-->[com.google.firebase:firebase-auth:22.3.1] AndroidManifest.xml:39:17-78
129-->[com.google.firebase:firebase-auth:22.3.1] AndroidManifest.xml:39:27-75
130
131                <data
131-->src\main\AndroidManifest.xml:97:17-50
132                    android:host="firebase.auth"
133                    android:path="/"
134                    android:scheme="genericidp" />
134-->src\main\AndroidManifest.xml:97:23-47
135            </intent-filter>
136        </activity>
137        <activity
137-->[com.google.firebase:firebase-auth:22.3.1] AndroidManifest.xml:47:9-64:20
138            android:name="com.google.firebase.auth.internal.RecaptchaActivity"
138-->[com.google.firebase:firebase-auth:22.3.1] AndroidManifest.xml:48:13-79
139            android:excludeFromRecents="true"
139-->[com.google.firebase:firebase-auth:22.3.1] AndroidManifest.xml:49:13-46
140            android:exported="true"
140-->[com.google.firebase:firebase-auth:22.3.1] AndroidManifest.xml:50:13-36
141            android:launchMode="singleTask"
141-->[com.google.firebase:firebase-auth:22.3.1] AndroidManifest.xml:51:13-44
142            android:theme="@android:style/Theme.Translucent.NoTitleBar" >
142-->[com.google.firebase:firebase-auth:22.3.1] AndroidManifest.xml:52:13-72
143            <intent-filter>
143-->[com.google.firebase:firebase-auth:22.3.1] AndroidManifest.xml:53:13-63:29
144                <action android:name="android.intent.action.VIEW" />
144-->[com.google.firebase:firebase-auth:22.3.1] AndroidManifest.xml:36:17-69
144-->[com.google.firebase:firebase-auth:22.3.1] AndroidManifest.xml:36:25-66
145
146                <category android:name="android.intent.category.DEFAULT" />
146-->[com.google.firebase:firebase-auth:22.3.1] AndroidManifest.xml:38:17-76
146-->[com.google.firebase:firebase-auth:22.3.1] AndroidManifest.xml:38:27-73
147                <category android:name="android.intent.category.BROWSABLE" />
147-->[com.google.firebase:firebase-auth:22.3.1] AndroidManifest.xml:39:17-78
147-->[com.google.firebase:firebase-auth:22.3.1] AndroidManifest.xml:39:27-75
148
149                <data
149-->src\main\AndroidManifest.xml:97:17-50
150                    android:host="firebase.auth"
151                    android:path="/"
152                    android:scheme="recaptcha" />
152-->src\main\AndroidManifest.xml:97:23-47
153            </intent-filter>
154        </activity>
155
156        <service
156-->[com.google.firebase:firebase-auth:22.3.1] AndroidManifest.xml:66:9-72:19
157            android:name="com.google.firebase.components.ComponentDiscoveryService"
157-->[com.google.firebase:firebase-auth:22.3.1] AndroidManifest.xml:67:13-84
158            android:directBootAware="true"
158-->[com.google.firebase:firebase-common:20.4.2] AndroidManifest.xml:32:13-43
159            android:exported="false" >
159-->[com.google.firebase:firebase-auth:22.3.1] AndroidManifest.xml:68:13-37
160            <meta-data
160-->[com.google.firebase:firebase-auth:22.3.1] AndroidManifest.xml:69:13-71:85
161                android:name="com.google.firebase.components:com.google.firebase.auth.FirebaseAuthRegistrar"
161-->[com.google.firebase:firebase-auth:22.3.1] AndroidManifest.xml:70:17-109
162                android:value="com.google.firebase.components.ComponentRegistrar" />
162-->[com.google.firebase:firebase-auth:22.3.1] AndroidManifest.xml:71:17-82
163            <meta-data
163-->[com.google.firebase:firebase-database:20.3.1] AndroidManifest.xml:29:13-31:85
164                android:name="com.google.firebase.components:com.google.firebase.database.FirebaseDatabaseKtxRegistrar"
164-->[com.google.firebase:firebase-database:20.3.1] AndroidManifest.xml:30:17-120
165                android:value="com.google.firebase.components.ComponentRegistrar" />
165-->[com.google.firebase:firebase-database:20.3.1] AndroidManifest.xml:31:17-82
166            <meta-data
166-->[com.google.firebase:firebase-database:20.3.1] AndroidManifest.xml:32:13-34:85
167                android:name="com.google.firebase.components:com.google.firebase.database.DatabaseRegistrar"
167-->[com.google.firebase:firebase-database:20.3.1] AndroidManifest.xml:33:17-109
168                android:value="com.google.firebase.components.ComponentRegistrar" />
168-->[com.google.firebase:firebase-database:20.3.1] AndroidManifest.xml:34:17-82
169            <meta-data
169-->[com.google.firebase:firebase-common-ktx:20.4.2] AndroidManifest.xml:12:13-14:85
170                android:name="com.google.firebase.components:com.google.firebase.ktx.FirebaseCommonLegacyRegistrar"
170-->[com.google.firebase:firebase-common-ktx:20.4.2] AndroidManifest.xml:13:17-116
171                android:value="com.google.firebase.components.ComponentRegistrar" />
171-->[com.google.firebase:firebase-common-ktx:20.4.2] AndroidManifest.xml:14:17-82
172            <meta-data
172-->[com.google.firebase:firebase-common:20.4.2] AndroidManifest.xml:35:13-37:85
173                android:name="com.google.firebase.components:com.google.firebase.FirebaseCommonKtxRegistrar"
173-->[com.google.firebase:firebase-common:20.4.2] AndroidManifest.xml:36:17-109
174                android:value="com.google.firebase.components.ComponentRegistrar" />
174-->[com.google.firebase:firebase-common:20.4.2] AndroidManifest.xml:37:17-82
175        </service>
176        <service
176-->[androidx.credentials:credentials-play-services-auth:1.2.2] AndroidManifest.xml:24:9-32:19
177            android:name="androidx.credentials.playservices.CredentialProviderMetadataHolder"
177-->[androidx.credentials:credentials-play-services-auth:1.2.2] AndroidManifest.xml:25:13-94
178            android:enabled="true"
178-->[androidx.credentials:credentials-play-services-auth:1.2.2] AndroidManifest.xml:26:13-35
179            android:exported="false" >
179-->[androidx.credentials:credentials-play-services-auth:1.2.2] AndroidManifest.xml:27:13-37
180            <meta-data
180-->[androidx.credentials:credentials-play-services-auth:1.2.2] AndroidManifest.xml:29:13-31:104
181                android:name="androidx.credentials.CREDENTIAL_PROVIDER_KEY"
181-->[androidx.credentials:credentials-play-services-auth:1.2.2] AndroidManifest.xml:30:17-76
182                android:value="androidx.credentials.playservices.CredentialProviderPlayServicesImpl" />
182-->[androidx.credentials:credentials-play-services-auth:1.2.2] AndroidManifest.xml:31:17-101
183        </service>
184
185        <activity
185-->[androidx.credentials:credentials-play-services-auth:1.2.2] AndroidManifest.xml:34:9-41:20
186            android:name="androidx.credentials.playservices.HiddenActivity"
186-->[androidx.credentials:credentials-play-services-auth:1.2.2] AndroidManifest.xml:35:13-76
187            android:configChanges="orientation|screenSize|screenLayout|keyboardHidden"
187-->[androidx.credentials:credentials-play-services-auth:1.2.2] AndroidManifest.xml:36:13-87
188            android:enabled="true"
188-->[androidx.credentials:credentials-play-services-auth:1.2.2] AndroidManifest.xml:37:13-35
189            android:exported="false"
189-->[androidx.credentials:credentials-play-services-auth:1.2.2] AndroidManifest.xml:38:13-37
190            android:fitsSystemWindows="true"
190-->[androidx.credentials:credentials-play-services-auth:1.2.2] AndroidManifest.xml:39:13-45
191            android:theme="@style/Theme.Hidden" >
191-->[androidx.credentials:credentials-play-services-auth:1.2.2] AndroidManifest.xml:40:13-48
192        </activity>
193
194        <provider
194-->[com.google.firebase:firebase-common:20.4.2] AndroidManifest.xml:23:9-28:39
195            android:name="com.google.firebase.provider.FirebaseInitProvider"
195-->[com.google.firebase:firebase-common:20.4.2] AndroidManifest.xml:24:13-77
196            android:authorities="com.smartai.parentalcontrol.firebaseinitprovider"
196-->[com.google.firebase:firebase-common:20.4.2] AndroidManifest.xml:25:13-72
197            android:directBootAware="true"
197-->[com.google.firebase:firebase-common:20.4.2] AndroidManifest.xml:26:13-43
198            android:exported="false"
198-->[com.google.firebase:firebase-common:20.4.2] AndroidManifest.xml:27:13-37
199            android:initOrder="100" />
199-->[com.google.firebase:firebase-common:20.4.2] AndroidManifest.xml:28:13-36
200
201        <activity
201-->[com.google.android.gms:play-services-auth:20.7.0] AndroidManifest.xml:23:9-27:75
202            android:name="com.google.android.gms.auth.api.signin.internal.SignInHubActivity"
202-->[com.google.android.gms:play-services-auth:20.7.0] AndroidManifest.xml:24:13-93
203            android:excludeFromRecents="true"
203-->[com.google.android.gms:play-services-auth:20.7.0] AndroidManifest.xml:25:13-46
204            android:exported="false"
204-->[com.google.android.gms:play-services-auth:20.7.0] AndroidManifest.xml:26:13-37
205            android:theme="@android:style/Theme.Translucent.NoTitleBar" />
205-->[com.google.android.gms:play-services-auth:20.7.0] AndroidManifest.xml:27:13-72
206        <!--
207            Service handling Google Sign-In user revocation. For apps that do not integrate with
208            Google Sign-In, this service will never be started.
209        -->
210        <service
210-->[com.google.android.gms:play-services-auth:20.7.0] AndroidManifest.xml:33:9-37:51
211            android:name="com.google.android.gms.auth.api.signin.RevocationBoundService"
211-->[com.google.android.gms:play-services-auth:20.7.0] AndroidManifest.xml:34:13-89
212            android:exported="true"
212-->[com.google.android.gms:play-services-auth:20.7.0] AndroidManifest.xml:35:13-36
213            android:permission="com.google.android.gms.auth.api.signin.permission.REVOCATION_NOTIFICATION"
213-->[com.google.android.gms:play-services-auth:20.7.0] AndroidManifest.xml:36:13-107
214            android:visibleToInstantApps="true" />
214-->[com.google.android.gms:play-services-auth:20.7.0] AndroidManifest.xml:37:13-48
215
216        <activity
216-->[com.google.android.gms:play-services-base:18.1.0] AndroidManifest.xml:20:9-22:45
217            android:name="com.google.android.gms.common.api.GoogleApiActivity"
217-->[com.google.android.gms:play-services-base:18.1.0] AndroidManifest.xml:20:19-85
218            android:exported="false"
218-->[com.google.android.gms:play-services-base:18.1.0] AndroidManifest.xml:22:19-43
219            android:theme="@android:style/Theme.Translucent.NoTitleBar" />
219-->[com.google.android.gms:play-services-base:18.1.0] AndroidManifest.xml:21:19-78
220
221        <meta-data
221-->[com.google.android.gms:play-services-basement:18.3.0] AndroidManifest.xml:21:9-23:69
222            android:name="com.google.android.gms.version"
222-->[com.google.android.gms:play-services-basement:18.3.0] AndroidManifest.xml:22:13-58
223            android:value="@integer/google_play_services_version" />
223-->[com.google.android.gms:play-services-basement:18.3.0] AndroidManifest.xml:23:13-66
224
225        <provider
225-->[androidx.emoji2:emoji2:1.2.0] AndroidManifest.xml:24:9-32:20
226            android:name="androidx.startup.InitializationProvider"
226-->[androidx.emoji2:emoji2:1.2.0] AndroidManifest.xml:25:13-67
227            android:authorities="com.smartai.parentalcontrol.androidx-startup"
227-->[androidx.emoji2:emoji2:1.2.0] AndroidManifest.xml:26:13-68
228            android:exported="false" >
228-->[androidx.emoji2:emoji2:1.2.0] AndroidManifest.xml:27:13-37
229            <meta-data
229-->[androidx.emoji2:emoji2:1.2.0] AndroidManifest.xml:29:13-31:52
230                android:name="androidx.emoji2.text.EmojiCompatInitializer"
230-->[androidx.emoji2:emoji2:1.2.0] AndroidManifest.xml:30:17-75
231                android:value="androidx.startup" />
231-->[androidx.emoji2:emoji2:1.2.0] AndroidManifest.xml:31:17-49
232            <meta-data
232-->[androidx.lifecycle:lifecycle-process:2.4.1] AndroidManifest.xml:31:13-33:52
233                android:name="androidx.lifecycle.ProcessLifecycleInitializer"
233-->[androidx.lifecycle:lifecycle-process:2.4.1] AndroidManifest.xml:32:17-78
234                android:value="androidx.startup" />
234-->[androidx.lifecycle:lifecycle-process:2.4.1] AndroidManifest.xml:33:17-49
235        </provider>
236    </application>
237
238</manifest>